<?xml version="1.0" encoding="UTF-8"?>
<testng-results ignored="0" total="1" passed="1" failed="0" skipped="0">
  <reporter-output>
    <line>
      <![CDATA[Open Browser]]>
    </line>
    <line>
      <![CDATA[Login]]>
    </line>
    <line>
      <![CDATA[CreateCustomer]]>
    </line>
    <line>
      <![CDATA[Logout]]>
    </line>
    <line>
      <![CDATA[Close Browser]]>
    </line>
  </reporter-output>
  <suite started-at="2023-03-16T14:28:23 IST" name="Default suite" finished-at="2023-03-16T14:29:23 IST" duration-ms="60039">
    <groups>
    </groups>
    <test started-at="2023-03-16T14:28:23 IST" name="Default test" finished-at="2023-03-16T14:29:23 IST" duration-ms="60039">
      <class name="com.actitime.testscript.CustomerModule">
        <test-method is-config="true" signature="openBrowser()[pri:0, instance:com.actitime.testscript.CustomerModule@130161f7]" started-at="2023-03-16T14:28:23 IST" name="openBrowser" finished-at="2023-03-16T14:28:26 IST" duration-ms="2577" status="PASS">
          <reporter-output>
            <line>
              <![CDATA[Open Browser]]>
            </line>
          </reporter-output>
        </test-method> <!-- openBrowser -->
        <test-method is-config="true" signature="login()[pri:0, instance:com.actitime.testscript.CustomerModule@130161f7]" started-at="2023-03-16T14:28:26 IST" name="login" finished-at="2023-03-16T14:28:47 IST" duration-ms="21319" status="PASS">
          <reporter-output>
            <line>
              <![CDATA[Login]]>
            </line>
          </reporter-output>
        </test-method> <!-- login -->
        <test-method signature="testCreateCustomer()[pri:0, instance:com.actitime.testscript.CustomerModule@130161f7]" started-at="2023-03-16T14:28:47 IST" name="testCreateCustomer" finished-at="2023-03-16T14:29:23 IST" duration-ms="35984" status="PASS">
          <reporter-output>
            <line>
              <![CDATA[CreateCustomer]]>
            </line>
          </reporter-output>
        </test-method> <!-- testCreateCustomer -->
        <test-method is-config="true" signature="logout()[pri:0, instance:com.actitime.testscript.CustomerModule@130161f7]" started-at="2023-03-16T14:29:23 IST" name="logout" finished-at="2023-03-16T14:29:23 IST" duration-ms="1" status="PASS">
          <reporter-output>
            <line>
              <![CDATA[Logout]]>
            </line>
          </reporter-output>
        </test-method> <!-- logout -->
        <test-method is-config="true" signature="closeBrowser()[pri:0, instance:com.actitime.testscript.CustomerModule@130161f7]" started-at="2023-03-16T14:29:23 IST" name="closeBrowser" finished-at="2023-03-16T14:29:23 IST" duration-ms="116" status="PASS">
          <reporter-output>
            <line>
              <![CDATA[Close Browser]]>
            </line>
          </reporter-output>
        </test-method> <!-- closeBrowser -->
      </class> <!-- com.actitime.testscript.CustomerModule -->
    </test> <!-- Default test -->
  </suite> <!-- Default suite -->
</testng-results>
